TN:
SF:/Volumes/Users/chudaol/Projects/LearningVueJs/code/chapter7/shopping-list3/src/components/AddItemComponent.vue
FN:8,data
FN:15,addItem
FNF:2
FNH:2
FNDA:2,data
FNDA:1,addItem
DA:0,1
DA:14,2
DA:20,1
DA:22,1
DA:23,1
DA:24,1
DA:25,1
DA:26,1
LF:8
LH:8
BRDA:19,1,0,1
BRDA:19,1,1,0
BRF:2
BRH:1
end_of_record
TN:
SF:/Volumes/Users/chudaol/Projects/LearningVueJs/code/chapter7/shopping-list3/src/vuex/store.js
FN:27,_interopRequireDefault
FNF:1
FNH:1
FNDA:5,_interopRequireDefault
DA:0,5
DA:1,1
DA:2,1
DA:3,1
DA:4,1
DA:5,1
DA:7,1
DA:9,1
LF:8
LH:8
BRDA:27,1,0,3
BRDA:27,1,1,2
BRDA:27,2,0,5
BRDA:27,2,1,5
BRF:4
BRH:4
end_of_record
TN:
SF:/Volumes/Users/chudaol/Projects/LearningVueJs/code/chapter7/shopping-list3/src/vuex/getters.js
FN:11,_interopRequireDefault
FN:14,getLists
FN:17,getListById
FNF:3
FNH:3
FNDA:1,_interopRequireDefault
FNDA:1,getLists
FNDA:4,getListById
DA:0,1
DA:1,1
DA:4,1
DA:6,4
LF:4
LH:4
BRDA:11,1,0,0
BRDA:11,1,1,1
BRDA:11,2,0,1
BRDA:11,2,1,1
BRF:4
BRH:4
end_of_record
TN:
SF:/Volumes/Users/chudaol/Projects/LearningVueJs/code/chapter7/shopping-list3/src/vuex/actions.js
FN:17,_interopRequireDefault
FN:20,populateShoppingLists
FN:23,(anonymous_3)
FN:27,changeTitle
FN:31,updateList
FN:36,createShoppingList
FN:37,(anonymous_7)
FN:39,(anonymous_8)
FN:43,deleteShoppingList
FN:44,(anonymous_10)
FN:46,(anonymous_11)
FNF:11
FNH:5
FNDA:2,_interopRequireDefault
FNDA:1,populateShoppingLists
FNDA:1,(anonymous_3)
FNDA:1,changeTitle
FNDA:1,updateList
FNDA:0,createShoppingList
FNDA:0,(anonymous_7)
FNDA:0,(anonymous_8)
FNDA:0,deleteShoppingList
FNDA:0,(anonymous_10)
FNDA:0,(anonymous_11)
DA:0,2
DA:1,1
DA:2,1
DA:3,1
DA:6,1
DA:7,1
DA:8,1
DA:12,1
DA:13,1
DA:16,1
DA:18,1
DA:21,0
DA:22,0
DA:24,0
DA:28,0
DA:29,0
DA:31,0
LF:17
LH:11
BRDA:17,1,0,2
BRDA:17,1,1,0
BRDA:17,2,0,2
BRDA:17,2,1,2
BRF:4
BRH:4
end_of_record
TN:
SF:/Volumes/Users/chudaol/Projects/LearningVueJs/code/chapter7/shopping-list3/src/vuex/mutation_types.js
FNF:0
FNH:0
DA:0,1
DA:1,1
DA:2,1
DA:3,1
DA:4,1
LF:5
LH:5
BRF:0
BRH:0
end_of_record
TN:
SF:/Volumes/Users/chudaol/Projects/LearningVueJs/code/chapter7/shopping-list3/src/api/index.js
FN:15,_interopRequireDefault
FN:22,fetchShoppingLists
FN:25,addNewShoppingList
FN:28,updateShoppingList
FN:31,deleteShoppingList
FNF:5
FNH:3
FNDA:2,_interopRequireDefault
FNDA:1,fetchShoppingLists
FNDA:0,addNewShoppingList
FNDA:1,updateShoppingList
FNDA:0,deleteShoppingList
DA:0,2
DA:1,1
DA:2,1
DA:4,1
DA:6,1
DA:10,1
DA:13,0
DA:16,1
DA:19,0
LF:9
LH:7
BRDA:15,1,0,0
BRDA:15,1,1,2
BRDA:15,2,0,2
BRDA:15,2,1,2
BRF:4
BRH:4
end_of_record
TN:
SF:/Volumes/Users/chudaol/Projects/LearningVueJs/code/chapter7/shopping-list3/src/vuex/mutations.js
FN:25,_interopRequireWildcard
FN:27,_interopRequireDefault
FN:29,(anonymous_3)
FN:31,(anonymous_4)
FN:33,(anonymous_5)
FN:37,(anonymous_6)
FN:38,(anonymous_7)
FNF:7
FNH:7
FNDA:1,_interopRequireWildcard
FNDA:3,_interopRequireDefault
FNDA:1,(anonymous_3)
FNDA:1,(anonymous_4)
FNDA:2,(anonymous_5)
FNDA:1,(anonymous_6)
FNDA:3,(anonymous_7)
DA:0,3
DA:1,1
DA:2,1
DA:3,1
DA:7,1
DA:10,1
DA:13,2
DA:14,1
DA:18,1
DA:19,3
LF:10
LH:10
BRDA:25,1,0,1
BRDA:25,1,1,0
BRDA:25,2,0,1
BRDA:25,2,1,1
BRDA:25,3,0,0
BRDA:25,3,1,0
BRDA:25,4,0,0
BRDA:25,4,1,0
BRDA:27,5,0,2
BRDA:27,5,1,1
BRDA:27,6,0,3
BRDA:27,6,1,3
BRDA:34,7,0,1
BRDA:34,7,1,1
BRF:14
BRH:14
end_of_record
TN:
SF:/Volumes/Users/chudaol/Projects/LearningVueJs/code/chapter7/shopping-list3/src/App.vue
FN:25,_interopRequireDefault
FN:36,addShoppingList
FN:46,mounted
FNF:3
FNH:1
FNDA:4,_interopRequireDefault
FNDA:0,addShoppingList
FNDA:0,mounted
DA:0,4
DA:22,1
DA:23,1
DA:24,1
DA:25,1
DA:26,1
DA:38,0
DA:43,0
DA:48,0
LF:9
LH:6
BRDA:25,1,0,1
BRDA:25,1,1,3
BRDA:25,2,0,4
BRDA:25,2,1,4
BRF:4
BRH:4
end_of_record
TN:
SF:/Volumes/Users/chudaol/Projects/LearningVueJs/code/chapter7/shopping-list3/src/components/ShoppingListComponent.vue
FN:19,_interopRequireDefault
FN:29,addItem
FNF:2
FNH:1
FNDA:3,_interopRequireDefault
FNDA:0,addItem
DA:0,3
DA:14,1
DA:15,1
DA:16,1
DA:27,0
LF:5
LH:4
BRDA:19,1,0,0
BRDA:19,1,1,3
BRDA:19,2,0,3
BRDA:19,2,1,3
BRF:4
BRH:4
end_of_record
TN:
SF:/Volumes/Users/chudaol/Projects/LearningVueJs/code/chapter7/shopping-list3/src/components/ItemsComponent.vue
FN:11,_interopRequireDefault
FNF:1
FNH:1
FNDA:1,_interopRequireDefault
DA:0,1
DA:8,1
LF:2
LH:2
BRDA:11,1,0,0
BRDA:11,1,1,1
BRDA:11,2,0,1
BRDA:11,2,1,1
BRF:4
BRH:4
end_of_record
TN:
SF:/Volumes/Users/chudaol/Projects/LearningVueJs/code/chapter7/shopping-list3/src/components/ItemComponent.vue
FN:13,itemChecked
FNF:1
FNH:0
FNDA:0,itemChecked
DA:0,1
DA:12,1
DA:19,0
LF:3
LH:2
BRF:0
BRH:0
end_of_record
TN:
SF:/Volumes/Users/chudaol/Projects/LearningVueJs/code/chapter7/shopping-list3/src/components/ChangeTitleComponent.vue
FNF:0
FNH:0
DA:0,1
DA:9,1
LF:2
LH:2
BRF:0
BRH:0
end_of_record
TN:
SF:/Volumes/Users/chudaol/Projects/LearningVueJs/code/chapter7/shopping-list3/src/components/ShoppingListTitleComponent.vue
FN:12,href
FNF:1
FNH:0
FNDA:0,href
DA:0,1
DA:7,1
DA:13,0
LF:3
LH:2
BRF:0
BRH:0
end_of_record
